<?xml version="1.0" encoding="UTF-8"?>
<!-- Generated by org.testng.reporters.JUnitXMLReporter -->
<testsuite ignored="0" hostname="G736LTRV" failures="0" tests="10" name="SeleniumTest" time="0.108" errors="0" timestamp="2024-07-13T12:55:18 IST">
  <testcase classname="com.automation.testng.AmountFieldTest" name="test1" time="0.006"/>
  <testcase classname="com.automation.testng.AmountFieldTest" name="test1" time="0.001"/>
  <testcase classname="com.automation.testng.AmountFieldTest" name="test1" time="0.001"/>
  <testcase classname="com.automation.testng.AmountFieldTest" name="test1" time="0.0"/>
  <testcase classname="com.automation.testng.AmountFieldTest" name="test2" time="0.001"/>
  <testcase classname="com.automation.testng.AmountFieldTest" name="test2" time="0.0"/>
  <testcase classname="com.automation.testng.AmountFieldTest" name="test2" time="0.0"/>
  <testcase classname="com.automation.testng.AmountFieldTest" name="test2" time="0.0"/>
  <testcase classname="com.automation.testng.AmountFieldTest" name="test2" time="0.001"/>
  <testcase classname="com.automation.testng.AmountFieldTest" name="test2" time="0.001"/>
</testsuite> <!-- SeleniumTest -->
