<?xml version="1.0" encoding="UTF-8"?>
<testng-results ignored="0" total="10" passed="10" failed="0" skipped="0">
  <reporter-output>
  </reporter-output>
  <suite started-at="2024-07-13T12:55:18 IST" name="Default Suite" finished-at="2024-07-13T12:55:18 IST" duration-ms="108">
    <groups>
    </groups>
    <test started-at="2024-07-13T12:55:18 IST" name="SeleniumTest" finished-at="2024-07-13T12:55:18 IST" duration-ms="108">
      <class name="com.automation.testng.AmountFieldTest">
        <test-method signature="test1(java.lang.String)[pri:0, instance:com.automation.testng.AmountFieldTest@f2f2cc1]" started-at="2024-07-13T12:55:18 IST" name="test1" data-provider="PositiveDataProvider" finished-at="2024-07-13T12:55:18 IST" duration-ms="6" status="PASS">
          <params>
            <param index="0">
              <value>
                <![CDATA[1]]>
              </value>
            </param>
          </params>
          <reporter-output>
          </reporter-output>
        </test-method> <!-- test1 -->
        <test-method signature="test1(java.lang.String)[pri:0, instance:com.automation.testng.AmountFieldTest@f2f2cc1]" started-at="2024-07-13T12:55:18 IST" name="test1" data-provider="PositiveDataProvider" finished-at="2024-07-13T12:55:18 IST" duration-ms="1" status="PASS">
          <params>
            <param index="0">
              <value>
                <![CDATA[12]]>
              </value>
            </param>
          </params>
          <reporter-output>
          </reporter-output>
        </test-method> <!-- test1 -->
        <test-method signature="test1(java.lang.String)[pri:0, instance:com.automation.testng.AmountFieldTest@f2f2cc1]" started-at="2024-07-13T12:55:18 IST" name="test1" data-provider="PositiveDataProvider" finished-at="2024-07-13T12:55:18 IST" duration-ms="1" status="PASS">
          <params>
            <param index="0">
              <value>
                <![CDATA[10.54]]>
              </value>
            </param>
          </params>
          <reporter-output>
          </reporter-output>
        </test-method> <!-- test1 -->
        <test-method signature="test1(java.lang.String)[pri:0, instance:com.automation.testng.AmountFieldTest@f2f2cc1]" started-at="2024-07-13T12:55:18 IST" name="test1" data-provider="PositiveDataProvider" finished-at="2024-07-13T12:55:18 IST" duration-ms="0" status="PASS">
          <params>
            <param index="0">
              <value>
                <![CDATA[100]]>
              </value>
            </param>
          </params>
          <reporter-output>
          </reporter-output>
        </test-method> <!-- test1 -->
        <test-method signature="test2(java.lang.String)[pri:0, instance:com.automation.testng.AmountFieldTest@f2f2cc1]" started-at="2024-07-13T12:55:18 IST" name="test2" data-provider="NegativeDataProvider" finished-at="2024-07-13T12:55:18 IST" duration-ms="1" status="PASS">
          <params>
            <param index="0">
              <value>
                <![CDATA[0.9]]>
              </value>
            </param>
          </params>
          <reporter-output>
          </reporter-output>
        </test-method> <!-- test2 -->
        <test-method signature="test2(java.lang.String)[pri:0, instance:com.automation.testng.AmountFieldTest@f2f2cc1]" started-at="2024-07-13T12:55:18 IST" name="test2" data-provider="NegativeDataProvider" finished-at="2024-07-13T12:55:18 IST" duration-ms="0" status="PASS">
          <params>
            <param index="0">
              <value>
                <![CDATA[-5]]>
              </value>
            </param>
          </params>
          <reporter-output>
          </reporter-output>
        </test-method> <!-- test2 -->
        <test-method signature="test2(java.lang.String)[pri:0, instance:com.automation.testng.AmountFieldTest@f2f2cc1]" started-at="2024-07-13T12:55:18 IST" name="test2" data-provider="NegativeDataProvider" finished-at="2024-07-13T12:55:18 IST" duration-ms="0" status="PASS">
          <params>
            <param index="0">
              <value>
                <![CDATA[100.1]]>
              </value>
            </param>
          </params>
          <reporter-output>
          </reporter-output>
        </test-method> <!-- test2 -->
        <test-method signature="test2(java.lang.String)[pri:0, instance:com.automation.testng.AmountFieldTest@f2f2cc1]" started-at="2024-07-13T12:55:18 IST" name="test2" data-provider="NegativeDataProvider" finished-at="2024-07-13T12:55:18 IST" duration-ms="0" status="PASS">
          <params>
            <param index="0">
              <value>
                <![CDATA[abc]]>
              </value>
            </param>
          </params>
          <reporter-output>
          </reporter-output>
        </test-method> <!-- test2 -->
        <test-method signature="test2(java.lang.String)[pri:0, instance:com.automation.testng.AmountFieldTest@f2f2cc1]" started-at="2024-07-13T12:55:18 IST" name="test2" data-provider="NegativeDataProvider" finished-at="2024-07-13T12:55:18 IST" duration-ms="1" status="PASS">
          <params>
            <param index="0">
              <value>
                <![CDATA[10/2]]>
              </value>
            </param>
          </params>
          <reporter-output>
          </reporter-output>
        </test-method> <!-- test2 -->
        <test-method signature="test2(java.lang.String)[pri:0, instance:com.automation.testng.AmountFieldTest@f2f2cc1]" started-at="2024-07-13T12:55:18 IST" name="test2" data-provider="NegativeDataProvider" finished-at="2024-07-13T12:55:18 IST" duration-ms="1" status="PASS">
          <params>
            <param index="0">
              <value>
                <![CDATA[0.0009]]>
              </value>
            </param>
          </params>
          <reporter-output>
          </reporter-output>
        </test-method> <!-- test2 -->
      </class> <!-- com.automation.testng.AmountFieldTest -->
    </test> <!-- SeleniumTest -->
  </suite> <!-- Default Suite -->
</testng-results>
