<?xml version="1.0" encoding="UTF-8"?>
<testsuite xmlns:xsi="http://www.w3.org/2001/XMLSchema-instance" xsi:noNamespaceSchemaLocation="https://maven.apache.org/surefire/maven-surefire-plugin/xsd/surefire-test-report.xsd" version="3.0.2" name="com.automation.runner.TestRunner" time="12.066" tests="8" errors="0" skipped="0" failures="7">
  <properties>
[...]
</properties>
  <testcase name="Verify user can create employee" classname="Validate post request" time="2.419">
    <system-out><![CDATA[Request method:	POST
Request URI:	https://dummy.restapiexample.com/api/v1/create
Proxy:			<none>
Request params:	<none>
Query params:	<none>
Form params:	<none>
Path params:	<none>
Headers:		Accept=*/*
				Content-Type=application/json
Cookies:		<none>
Multiparts:		<none>
Body:
{
    "name": "testnew",
    "salary": "123",
    "age": "23"
}
HTTP/1.1 200 OK
Date: Mon, 05 Aug 2024 11:34:24 GMT
Server: Apache
Cache-Control: no-cache, private
X-RateLimit-Limit: 60
X-RateLimit-Remaining: 58
Upgrade: h2,h2c
Connection: Upgrade
Cache-Control: max-age=86400
Expires: Tue, 06 Aug 2024 11:34:24 GMT
Vary: Accept-Encoding
Content-Encoding: gzip
X-Endurance-Cache-Level: 2
X-nginx-cache: WordPress
Content-Length: 125
Content-Type: application/json

{
    "status": "success",
    "data": {
        "name": "testnew",
        "salary": "123",
        "age": "23",
        "id": 2900
    },
    "message": "Successfully! Record has been added."
}
]]></system-out>
  </testcase>
  <testcase name="Verify user can delete the employee by id" classname="Validate delete request" time="1.371">
    <failure message="expected:&lt;200&gt; but was:&lt;429&gt;" type="java.lang.AssertionError"><![CDATA[java.lang.AssertionError: expected:<200> but was:<429>
	at org.junit.Assert.fail(Assert.java:88)
	at org.junit.Assert.failNotEquals(Assert.java:834)
	at org.junit.Assert.assertEquals(Assert.java:645)
	at org.junit.Assert.assertEquals(Assert.java:631)
	at com.automation.steps.ResponseSteps.verify_status_code_is(ResponseSteps.java:13)
	at ✽.verify status code is 200(file:///C:/UST_Java/RestAssuredFoundation/src/test/resources/features/delete_employee.feature:8)
]]></failure>
    <system-out><![CDATA[Request method:	POST
Request URI:	https://dummy.restapiexample.com/api/v1/create
Proxy:			<none>
Request params:	<none>
Query params:	<none>
Form params:	<none>
Path params:	<none>
Headers:		Accept=*/*
				Content-Type=application/json
Cookies:		<none>
Multiparts:		<none>
Body:
{
    "name": "testnew",
    "salary": "123",
    "age": "23"
}
HTTP/1.1 429 Too Many Requests
Date: Mon, 05 Aug 2024 11:34:26 GMT
Server: Apache
X-RateLimit-Limit: 60
X-RateLimit-Remaining: 57
retry-after: 58
x-ratelimit-reset: 1722857724
Cache-Control: no-cache, private
Upgrade: h2,h2c
Connection: Upgrade
Vary: Accept-Encoding
Content-Encoding: gzip
X-Endurance-Cache-Level: 2
X-nginx-cache: WordPress
Content-Length: 595
Content-Type: text/html; charset=UTF-8

<html lang="en">
  <head>
    <meta charset="utf-8"/>
    <meta name="viewport" content="width=device-width, initial-scale=1"/>
    <title>Too Many Requests</title>
    <link rel="dns-prefetch" href="//fonts.gstatic.com"/>
    <link href="https://fonts.googleapis.com/css?family=Nunito" rel="stylesheet"/>
    <style>
            html, body {
                background-color: #fff;
                color: #636b6f;
                font-family: 'Nunito', sans-serif;
                font-weight: 100;
                height: 100vh;
                margin: 0;
            }

            .full-height {
                height: 100vh;
            }

            .flex-center {
                align-items: center;
                display: flex;
                justify-content: center;
            }

            .position-ref {
                position: relative;
            }

            .code {
                border-right: 2px solid;
                font-size: 26px;
                padding: 0 15px 0 15px;
                text-align: center;
            }

            .message {
                font-size: 18px;
                text-align: center;
            }
        </style>
  </head>
  <body>
    <div class="flex-center position-ref full-height">
      <div class="code">
                429            </div>
      <div class="message" style="padding: 10px;">
                Too Many Requests            </div>
    </div>
  </body>
</html>
]]></system-out>
  </testcase>
  <testcase name="Verify user can delete the employee" classname="Validate delete request" time="1.225">
    <failure message="expected:&lt;200&gt; but was:&lt;429&gt;" type="java.lang.AssertionError"><![CDATA[java.lang.AssertionError: expected:<200> but was:<429>
	at org.junit.Assert.fail(Assert.java:88)
	at org.junit.Assert.failNotEquals(Assert.java:834)
	at org.junit.Assert.assertEquals(Assert.java:645)
	at org.junit.Assert.assertEquals(Assert.java:631)
	at com.automation.steps.ResponseSteps.verify_status_code_is(ResponseSteps.java:13)
	at ✽.verify status code is 200(file:///C:/UST_Java/RestAssuredFoundation/src/test/resources/features/delete_employee.feature:19)
]]></failure>
    <system-out><![CDATA[Request method:	DELETE
Request URI:	https://dummy.restapiexample.com/api/v1/delete/5
Proxy:			<none>
Request params:	<none>
Query params:	<none>
Form params:	<none>
Path params:	<none>
Headers:		Accept=*/*
				Content-Type=application/json
Cookies:		<none>
Multiparts:		<none>
Body:
{
    "name": "testnew",
    "salary": "123",
    "age": "23"
}
HTTP/1.1 429 Too Many Requests
Date: Mon, 05 Aug 2024 11:34:27 GMT
Server: Apache
X-RateLimit-Limit: 60
X-RateLimit-Remaining: 56
retry-after: 57
x-ratelimit-reset: 1722857724
Cache-Control: no-cache, private
Upgrade: h2,h2c
Connection: Upgrade
Vary: Accept-Encoding
Content-Encoding: gzip
X-Endurance-Cache-Level: 2
X-nginx-cache: WordPress
Content-Length: 595
Content-Type: text/html; charset=UTF-8

<html lang="en">
  <head>
    <meta charset="utf-8"/>
    <meta name="viewport" content="width=device-width, initial-scale=1"/>
    <title>Too Many Requests</title>
    <link rel="dns-prefetch" href="//fonts.gstatic.com"/>
    <link href="https://fonts.googleapis.com/css?family=Nunito" rel="stylesheet"/>
    <style>
            html, body {
                background-color: #fff;
                color: #636b6f;
                font-family: 'Nunito', sans-serif;
                font-weight: 100;
                height: 100vh;
                margin: 0;
            }

            .full-height {
                height: 100vh;
            }

            .flex-center {
                align-items: center;
                display: flex;
                justify-content: center;
            }

            .position-ref {
                position: relative;
            }

            .code {
                border-right: 2px solid;
                font-size: 26px;
                padding: 0 15px 0 15px;
                text-align: center;
            }

            .message {
                font-size: 18px;
                text-align: center;
            }
        </style>
  </head>
  <body>
    <div class="flex-center position-ref full-height">
      <div class="code">
                429            </div>
      <div class="message" style="padding: 10px;">
                Too Many Requests            </div>
    </div>
  </body>
</html>
]]></system-out>
  </testcase>
  <testcase name="Verify user can get the list of employees" classname="Validate the get request" time="1.338">
    <failure message="expected:&lt;200&gt; but was:&lt;429&gt;" type="java.lang.AssertionError"><![CDATA[java.lang.AssertionError: expected:<200> but was:<429>
	at org.junit.Assert.fail(Assert.java:88)
	at org.junit.Assert.failNotEquals(Assert.java:834)
	at org.junit.Assert.assertEquals(Assert.java:645)
	at org.junit.Assert.assertEquals(Assert.java:631)
	at com.automation.steps.ResponseSteps.verify_status_code_is(ResponseSteps.java:13)
	at ✽.verify status code is 200(file:///C:/UST_Java/RestAssuredFoundation/src/test/resources/features/get_employee.feature:6)
]]></failure>
    <system-out><![CDATA[Request method:	GET
Request URI:	https://dummy.restapiexample.com/api/v1/employees
Proxy:			<none>
Request params:	<none>
Query params:	<none>
Form params:	<none>
Path params:	<none>
Headers:		Accept=*/*
				Content-Type=application/json
Cookies:		<none>
Multiparts:		<none>
Body:
{
    "name": "testnew",
    "salary": "123",
    "age": "23"
}
HTTP/1.1 429 Too Many Requests
Date: Mon, 05 Aug 2024 11:34:28 GMT
Server: nginx/1.21.6
Content-Type: text/html; charset=UTF-8
Content-Length: 595
X-RateLimit-Limit: 60
X-RateLimit-Remaining: 55
retry-after: 56
x-ratelimit-reset: 1722857724
Cache-Control: no-cache, private
Vary: Accept-Encoding
Content-Encoding: gzip
X-Endurance-Cache-Level: 2
X-nginx-cache: WordPress

<html lang="en">
  <head>
    <meta charset="utf-8"/>
    <meta name="viewport" content="width=device-width, initial-scale=1"/>
    <title>Too Many Requests</title>
    <link rel="dns-prefetch" href="//fonts.gstatic.com"/>
    <link href="https://fonts.googleapis.com/css?family=Nunito" rel="stylesheet"/>
    <style>
            html, body {
                background-color: #fff;
                color: #636b6f;
                font-family: 'Nunito', sans-serif;
                font-weight: 100;
                height: 100vh;
                margin: 0;
            }

            .full-height {
                height: 100vh;
            }

            .flex-center {
                align-items: center;
                display: flex;
                justify-content: center;
            }

            .position-ref {
                position: relative;
            }

            .code {
                border-right: 2px solid;
                font-size: 26px;
                padding: 0 15px 0 15px;
                text-align: center;
            }

            .message {
                font-size: 18px;
                text-align: center;
            }
        </style>
  </head>
  <body>
    <div class="flex-center position-ref full-height">
      <div class="code">
                429            </div>
      <div class="message" style="padding: 10px;">
                Too Many Requests            </div>
    </div>
  </body>
</html>
]]></system-out>
  </testcase>
  <testcase name="Verify user can get the employee by id" classname="Validate the get request" time="1.148">
    <failure message="expected:&lt;200&gt; but was:&lt;429&gt;" type="java.lang.AssertionError"><![CDATA[java.lang.AssertionError: expected:<200> but was:<429>
	at org.junit.Assert.fail(Assert.java:88)
	at org.junit.Assert.failNotEquals(Assert.java:834)
	at org.junit.Assert.assertEquals(Assert.java:645)
	at org.junit.Assert.assertEquals(Assert.java:631)
	at com.automation.steps.ResponseSteps.verify_status_code_is(ResponseSteps.java:13)
	at ✽.verify status code is 200(file:///C:/UST_Java/RestAssuredFoundation/src/test/resources/features/get_employee.feature:13)
]]></failure>
    <system-out><![CDATA[Request method:	POST
Request URI:	https://dummy.restapiexample.com/api/v1/create
Proxy:			<none>
Request params:	<none>
Query params:	<none>
Form params:	<none>
Path params:	<none>
Headers:		Accept=*/*
				Content-Type=application/json
Cookies:		<none>
Multiparts:		<none>
Body:
{
    "name": "testnew",
    "salary": "123",
    "age": "23"
}
HTTP/1.1 429 Too Many Requests
Date: Mon, 05 Aug 2024 11:34:29 GMT
Server: Apache
X-RateLimit-Limit: 60
X-RateLimit-Remaining: 54
retry-after: 55
x-ratelimit-reset: 1722857724
Cache-Control: no-cache, private
Upgrade: h2,h2c
Connection: Upgrade
Vary: Accept-Encoding
Content-Encoding: gzip
X-Endurance-Cache-Level: 2
X-nginx-cache: WordPress
Content-Length: 595
Content-Type: text/html; charset=UTF-8

<html lang="en">
  <head>
    <meta charset="utf-8"/>
    <meta name="viewport" content="width=device-width, initial-scale=1"/>
    <title>Too Many Requests</title>
    <link rel="dns-prefetch" href="//fonts.gstatic.com"/>
    <link href="https://fonts.googleapis.com/css?family=Nunito" rel="stylesheet"/>
    <style>
            html, body {
                background-color: #fff;
                color: #636b6f;
                font-family: 'Nunito', sans-serif;
                font-weight: 100;
                height: 100vh;
                margin: 0;
            }

            .full-height {
                height: 100vh;
            }

            .flex-center {
                align-items: center;
                display: flex;
                justify-content: center;
            }

            .position-ref {
                position: relative;
            }

            .code {
                border-right: 2px solid;
                font-size: 26px;
                padding: 0 15px 0 15px;
                text-align: center;
            }

            .message {
                font-size: 18px;
                text-align: center;
            }
        </style>
  </head>
  <body>
    <div class="flex-center position-ref full-height">
      <div class="code">
                429            </div>
      <div class="message" style="padding: 10px;">
                Too Many Requests            </div>
    </div>
  </body>
</html>
]]></system-out>
  </testcase>
  <testcase name="Verify user can get the employee" classname="Validate the get request" time="1.282">
    <failure message="expected:&lt;200&gt; but was:&lt;429&gt;" type="java.lang.AssertionError"><![CDATA[java.lang.AssertionError: expected:<200> but was:<429>
	at org.junit.Assert.fail(Assert.java:88)
	at org.junit.Assert.failNotEquals(Assert.java:834)
	at org.junit.Assert.assertEquals(Assert.java:645)
	at org.junit.Assert.assertEquals(Assert.java:631)
	at com.automation.steps.ResponseSteps.verify_status_code_is(ResponseSteps.java:13)
	at ✽.verify status code is 200(file:///C:/UST_Java/RestAssuredFoundation/src/test/resources/features/get_employee.feature:24)
]]></failure>
    <system-out><![CDATA[Request method:	GET
Request URI:	https://dummy.restapiexample.com/api/v1/employee/4
Proxy:			<none>
Request params:	<none>
Query params:	<none>
Form params:	<none>
Path params:	<none>
Headers:		Accept=*/*
				Content-Type=application/json
Cookies:		<none>
Multiparts:		<none>
Body:
{
    "name": "testnew",
    "salary": "123",
    "age": "23"
}
HTTP/1.1 429 Too Many Requests
Date: Mon, 05 Aug 2024 11:34:31 GMT
Server: nginx/1.21.6
Content-Type: text/html; charset=UTF-8
Content-Length: 595
X-RateLimit-Limit: 60
X-RateLimit-Remaining: 53
retry-after: 53
x-ratelimit-reset: 1722857724
Cache-Control: no-cache, private
Vary: Accept-Encoding
Content-Encoding: gzip
X-Endurance-Cache-Level: 2
X-nginx-cache: WordPress

<html lang="en">
  <head>
    <meta charset="utf-8"/>
    <meta name="viewport" content="width=device-width, initial-scale=1"/>
    <title>Too Many Requests</title>
    <link rel="dns-prefetch" href="//fonts.gstatic.com"/>
    <link href="https://fonts.googleapis.com/css?family=Nunito" rel="stylesheet"/>
    <style>
            html, body {
                background-color: #fff;
                color: #636b6f;
                font-family: 'Nunito', sans-serif;
                font-weight: 100;
                height: 100vh;
                margin: 0;
            }

            .full-height {
                height: 100vh;
            }

            .flex-center {
                align-items: center;
                display: flex;
                justify-content: center;
            }

            .position-ref {
                position: relative;
            }

            .code {
                border-right: 2px solid;
                font-size: 26px;
                padding: 0 15px 0 15px;
                text-align: center;
            }

            .message {
                font-size: 18px;
                text-align: center;
            }
        </style>
  </head>
  <body>
    <div class="flex-center position-ref full-height">
      <div class="code">
                429            </div>
      <div class="message" style="padding: 10px;">
                Too Many Requests            </div>
    </div>
  </body>
</html>
]]></system-out>
  </testcase>
  <testcase name="Verify user can update the employee by id" classname="Validate the put request" time="1.188">
    <failure message="expected:&lt;200&gt; but was:&lt;429&gt;" type="java.lang.AssertionError"><![CDATA[java.lang.AssertionError: expected:<200> but was:<429>
	at org.junit.Assert.fail(Assert.java:88)
	at org.junit.Assert.failNotEquals(Assert.java:834)
	at org.junit.Assert.assertEquals(Assert.java:645)
	at org.junit.Assert.assertEquals(Assert.java:631)
	at com.automation.steps.ResponseSteps.verify_status_code_is(ResponseSteps.java:13)
	at ✽.verify status code is 200(file:///C:/UST_Java/RestAssuredFoundation/src/test/resources/features/update_employee.feature:8)
]]></failure>
    <system-out><![CDATA[Request method:	POST
Request URI:	https://dummy.restapiexample.com/api/v1/create
Proxy:			<none>
Request params:	<none>
Query params:	<none>
Form params:	<none>
Path params:	<none>
Headers:		Accept=*/*
				Content-Type=application/json
Cookies:		<none>
Multiparts:		<none>
Body:
{
    "name": "testnew",
    "salary": "123",
    "age": "23"
}
HTTP/1.1 429 Too Many Requests
Date: Mon, 05 Aug 2024 11:34:32 GMT
Server: Apache
X-RateLimit-Limit: 60
X-RateLimit-Remaining: 52
retry-after: 52
x-ratelimit-reset: 1722857724
Cache-Control: no-cache, private
Upgrade: h2,h2c
Connection: Upgrade
Vary: Accept-Encoding
Content-Encoding: gzip
X-Endurance-Cache-Level: 2
X-nginx-cache: WordPress
Content-Length: 595
Content-Type: text/html; charset=UTF-8

<html lang="en">
  <head>
    <meta charset="utf-8"/>
    <meta name="viewport" content="width=device-width, initial-scale=1"/>
    <title>Too Many Requests</title>
    <link rel="dns-prefetch" href="//fonts.gstatic.com"/>
    <link href="https://fonts.googleapis.com/css?family=Nunito" rel="stylesheet"/>
    <style>
            html, body {
                background-color: #fff;
                color: #636b6f;
                font-family: 'Nunito', sans-serif;
                font-weight: 100;
                height: 100vh;
                margin: 0;
            }

            .full-height {
                height: 100vh;
            }

            .flex-center {
                align-items: center;
                display: flex;
                justify-content: center;
            }

            .position-ref {
                position: relative;
            }

            .code {
                border-right: 2px solid;
                font-size: 26px;
                padding: 0 15px 0 15px;
                text-align: center;
            }

            .message {
                font-size: 18px;
                text-align: center;
            }
        </style>
  </head>
  <body>
    <div class="flex-center position-ref full-height">
      <div class="code">
                429            </div>
      <div class="message" style="padding: 10px;">
                Too Many Requests            </div>
    </div>
  </body>
</html>
]]></system-out>
  </testcase>
  <testcase name="Verify user can update employee" classname="Validate the put request" time="1.595">
    <failure message="expected:&lt;200&gt; but was:&lt;429&gt;" type="java.lang.AssertionError"><![CDATA[java.lang.AssertionError: expected:<200> but was:<429>
	at org.junit.Assert.fail(Assert.java:88)
	at org.junit.Assert.failNotEquals(Assert.java:834)
	at org.junit.Assert.assertEquals(Assert.java:645)
	at org.junit.Assert.assertEquals(Assert.java:631)
	at com.automation.steps.ResponseSteps.verify_status_code_is(ResponseSteps.java:13)
	at ✽.verify status code is 200(file:///C:/UST_Java/RestAssuredFoundation/src/test/resources/features/update_employee.feature:23)
]]></failure>
    <system-out><![CDATA[Request method:	PUT
Request URI:	https://dummy.restapiexample.com/api/v1/update/2
Proxy:			<none>
Request params:	<none>
Query params:	<none>
Form params:	<none>
Path params:	<none>
Headers:		Accept=*/*
				Content-Type=application/json
Cookies:		<none>
Multiparts:		<none>
Body:
{
    "name": "test foundation",
    "salary": 123.0,
    "age": 23
}
HTTP/1.1 429 Too Many Requests
Date: Mon, 05 Aug 2024 11:34:33 GMT
Server: Apache
X-RateLimit-Limit: 60
X-RateLimit-Remaining: 51
retry-after: 50
x-ratelimit-reset: 1722857724
Cache-Control: no-cache, private
Upgrade: h2,h2c
Connection: Upgrade
Vary: Accept-Encoding
Content-Encoding: gzip
X-Endurance-Cache-Level: 2
X-nginx-cache: WordPress
Content-Length: 595
Content-Type: text/html; charset=UTF-8

<html lang="en">
  <head>
    <meta charset="utf-8"/>
    <meta name="viewport" content="width=device-width, initial-scale=1"/>
    <title>Too Many Requests</title>
    <link rel="dns-prefetch" href="//fonts.gstatic.com"/>
    <link href="https://fonts.googleapis.com/css?family=Nunito" rel="stylesheet"/>
    <style>
            html, body {
                background-color: #fff;
                color: #636b6f;
                font-family: 'Nunito', sans-serif;
                font-weight: 100;
                height: 100vh;
                margin: 0;
            }

            .full-height {
                height: 100vh;
            }

            .flex-center {
                align-items: center;
                display: flex;
                justify-content: center;
            }

            .position-ref {
                position: relative;
            }

            .code {
                border-right: 2px solid;
                font-size: 26px;
                padding: 0 15px 0 15px;
                text-align: center;
            }

            .message {
                font-size: 18px;
                text-align: center;
            }
        </style>
  </head>
  <body>
    <div class="flex-center position-ref full-height">
      <div class="code">
                429            </div>
      <div class="message" style="padding: 10px;">
                Too Many Requests            </div>
    </div>
  </body>
</html>
]]></system-out>
  </testcase>
</testsuite>